<?xml version="1.0" encoding="UTF-8"?>
<!-- Generated by org.testng.reporters.JUnitReportReporter -->
<testsuite hostname="DESKTOP-FTQ8L4C" failures="0" tests="9" name="com.qa.Incubyte.Test.MailCompose" time="20.032" errors="0" timestamp="2022-08-19T15:35:44 IST" skipped="1">
  <testcase classname="com.qa.Incubyte.Test.MailCompose" name="SignInPage" time="11.425"/>
  <system-out/>
  <testcase classname="com.qa.Incubyte.Test.MailCompose" name="checkComposeFrame" time="0.383"/>
  <system-out/>
  <testcase classname="com.qa.Incubyte.Test.MailCompose" name="EnterEmailsAddress" time="2.752"/>
  <system-out/>
  <testcase classname="com.qa.Incubyte.Test.MailCompose" name="EnterSubject" time="0.100"/>
  <system-out/>
  <testcase classname="com.qa.Incubyte.Test.MailCompose" name="EnterMessageBody" time="0.175"/>
  <system-out/>
  <testcase classname="com.qa.Incubyte.Test.MailCompose" name="Attachfile" time="2.420"/>
  <system-out/>
  <testcase classname="com.qa.Incubyte.Test.MailCompose" name="SendMail" time="2.463"/>
  <system-out/>
  <testcase classname="com.qa.Incubyte.Test.MailCompose" name="VerifyEmailSent" time="0.314"/>
  <system-out/>
  <testcase classname="com.qa.Incubyte.Test.MailCompose" name="AttachImage">
    <skipped/>
  </testcase> <!-- AttachImage -->
  <system-out/>
</testsuite> <!-- com.qa.Incubyte.Test.MailCompose -->
